TMS320C2000 Assembler PC v22.6.1 Tue Jul  2 19:04:16 2024

Copyright (c) 1996-2018 Texas Instruments Incorporated
../libraries/DCL/DCL_PI_C1.asm                                       PAGE    1

       1              ; DCL_PI_C1.asm - Series PI controller
       2              ;
       3              ;;#############################################################################
       4              ;;!
       5              ;;! Copyright: Copyright (C) 2023 Texas Instruments Incorporated -
       6              ;;!     All rights reserved not granted herein.
       7              ;;!     Limited License.
       8              ;;!
       9              ;;! Texas Instruments Incorporated grants a world-wide, royalty-free,
      10              ;;! non-exclusive license under copyrights and patents it now or hereafter
      11              ;;! owns or controls to make, have made, use, import, offer to sell and sell
      12              ;;! ("Utilize") this software subject to the terms herein. With respect to the
      13              ;;! foregoing patent license, such license is granted solely to the extent that
      14              ;;! any such patent is necessary to Utilize the software alone. The patent
      15              ;;! license shall not apply to any combinations which include this software,
      16              ;;! other than combinations with devices manufactured by or for TI 
      17              ;;! ("TI Devices").
      18              ;;! No hardware patent is licensed hereunder.
      19              ;;!
      20              ;;! Redistributions must preserve existing copyright notices and reproduce this
      21              ;;! license (including the above copyright notice and the disclaimer and
      22              ;;! (if applicable) source code license limitations below) in the documentation
      23              ;;!  and/or other materials provided with the distribution.
      24              ;;!
      25              ;;! Redistribution and use in binary form, without modification, are permitted
      26              ;;! provided that the following conditions are met:
      27              ;;!
      28              ;;! * No reverse engineering, decompilation, or disassembly of this software is 
      29              ;;! permitted with respect to any software provided in binary form.
      30              ;;! * Any redistribution and use are licensed by TI for use only 
      31              ;;!   with TI Devices.
      32              ;;! * Nothing shall obligate TI to provide you with source code for the 
      33              ;;!   software licensed and provided to you in object code.
      34              ;;!
      35              ;;! If software source code is provided to you, modification and redistribution
      36              ;;! of the source code are permitted provided that the following conditions 
      37              ;;! are met:
      38              ;;!
      39              ;;! * any redistribution and use of the source code, including any resulting
      40              ;;!   derivative works, are licensed by TI for use only with TI Devices.
      41              ;;! * any redistribution and use of any object code compiled from the source
      42              ;;!   code and any resulting derivative works, are licensed by TI for use 
      43              ;;!   only with TI Devices.
      44              ;;!
      45              ;;! Neither the name of Texas Instruments Incorporated nor the names of its
      46              ;;! suppliers may be used to endorse or promote products derived from this 
      47              ;;! software without specific prior written permission.
      48              ;;#############################################################################
      49               
      50              
      51                        .if $defined(__TI_EABI__)
      52                              .if __TI_EABI__
      53                              .asg    DCL_runPI_C1, _DCL_runPI_C1
      54                              .endif
      55                    .endif
TMS320C2000 Assembler PC v22.6.1 Tue Jul  2 19:04:16 2024

Copyright (c) 1996-2018 Texas Instruments Incorporated
../libraries/DCL/DCL_PI_C1.asm                                       PAGE    2

      56              
      57        0000  FASTCR_PI_C1    .set    0               ; set to 1 to enable shadowed context save/restore
      58              
      59                              .global _DCL_runPI_C1
      60              
      61 00000000                       .sect   "dclfuncs"
      62              
      63              ; 11/14/2017: [RP] added XAR1 to context save
      64              
      65              ; C prototype: float DCL_runPI_C1(DCL_PI *p, float32_t rk, float32_t yk)
      66              ; argument 1 = *p : 32-bit PI structure address [XAR4]
      67              ; argument 2 = rk : 32-bit floating-point reference [R0H]
      68              ; argument 3 = yk : 32-bit floating-point feedback [R1H]
      69              ; return = uk : 32-bit floating-point [R0H]
      70              
      71                              .align  2
      72              
      73 00000000       _DCL_runPI_C1:
      74                              .asmfunc
      75              ; context save
      76 00000000 B2BD                  MOVL            *SP++, XAR1
      77                      .if FASTCR_PI_C1 = 0
      78 00000001 E203                  MOV32           *SP++, R4H
         00000002 04BD 
      79 00000003 E203                  MOV32           *SP++, R5H
         00000004 05BD 
      80 00000005 E203                  MOV32           *SP++, R6H
         00000006 06BD 
      81                      .else
      82                              SAVE
      83                      .endif
      84              
      85              ; servo error
      86 00000007 E720                  SUBF32          R4H, R0H, R1H                           ; R4H = v1
         00000008 0044 
      87              
      88              ; proportional path
      89 00000009 E2AF                  MOV32           R5H, *+XAR4[0]                          ; R5H = Kpa
         0000000a 05C4 
      90 0000000b E700                  MPYF32          R6H, R4H, R5H                           ; R6H = v2
         0000000c 0166 
      91              
      92              ; integral path
      93 0000000d E2AF                  MOV32           R5H, *+XAR4[2]                          ; R5H = Kia
         0000000e 05D4 
      94 0000000f E700                  MPYF32          R4H, R5H, R6H                           ; R4H = v3
         00000010 01AC 
      95 00000011 28A1                  MOV                     AR1, #0xA                                       ; AR1 = 10
         00000012 000A 
      96 00000013 E2AF                  MOV32           R5H, *+XAR4[AR1]                        ; R5H = i6
         00000014 059C 
      97 00000015 E700                  MPYF32          R3H, R4H, R5H                           ; R3H = v8
         00000016 0163 
      98 00000017 E2AF                  MOV32           R4H, *+XAR4[4]                          ; R4H = i10
         00000018 04E4 
TMS320C2000 Assembler PC v22.6.1 Tue Jul  2 19:04:16 2024

Copyright (c) 1996-2018 Texas Instruments Incorporated
../libraries/DCL/DCL_PI_C1.asm                                       PAGE    3

      99 00000019 E710                  ADDF32          R5H, R4H, R3H                           ; R5H = v4
         0000001a 00E5 
     100 0000001b E591                  ZERO            R1H                                                     ; R1H = 0.0f
     101 0000001c E203                  MOV32           *+XAR4[4], R5H                          ; save i10
         0000001d 05E4 
     102              
     103              ; control
     104 0000001e E710                  ADDF32          R0H, R5H, R6H                           ; R0H = v5
         0000001f 01A8 
     105 00000020 E88F                  ADDF32          R5H, R1H, #1.0                          ; R5H = 1.0f
         00000021 E00D 
     106 00000022 E2AF                  MOV32           R3H, *+XAR4[6]                          ; R3H = Umaxa
         00000023 03F4 
     107 00000024 E69D                  MINF32          R0H, R3H                                        ; if (v5 > Umaxa) R0H = Umax 
         00000025 0358 
     108              ||              MOV32           R5H, R1H                                        ; R5H = 0.0f
     109 00000026 28A0                  MOV                     AR0, #8                                         ; AR0 = 8
         00000027 0008 
     110 00000028 E2AF                  MOV32           R3H, *+XAR4[AR0]                        ; R3H = Umina
         00000029 0394 
     111 0000002a E69C                  MAXF32          R0H, R3H                                        ; if (v5 < Umina) R0H = Umin 
         0000002b 0358 
     112              ||              MOV32           R5H, R1H                                        ; R5H = 0.0f
     113              
     114              ; anti-windup
     115 0000002c 7700                  NOP                                                                             ; delay slot
     116 0000002d E203                  MOV32           *+XAR4[AR1], R5H                        ; save i6
         0000002e 059C 
     117              
     118              ; context restore
     119                      .if FASTCR_PI_C1 = 0
     120 0000002f E2AE                  MOV32           R6H, *--SP, UNC                         ; delay slot
         00000030 06BE 
     121 00000031 E2AE              MOV32       R5H, *--SP, UNC
         00000032 05BE 
     122 00000033 E2AE              MOV32       R4H, *--SP, UNC
         00000034 04BE 
     123                      .else
     124                              RESTORE
     125                      .endif
     126 00000035 8BBE              MOVL                XAR1, *--SP
     127 00000036 0006                  LRETR
     128                              .endasmfunc
     129              
     130                              .end

No Assembly Errors, No Assembly Warnings
